<?xml version="1.0" encoding="UTF-8"?>
<testsuite xmlns:xsi="http://www.w3.org/2001/XMLSchema-instance" xsi:noNamespaceSchemaLocation="https://maven.apache.org/surefire/maven-surefire-plugin/xsd/surefire-test-report-3.0.xsd" version="3.0" name="org.dep.example.TestRunner" time="43.156" tests="2" errors="0" skipped="0" failures="0">
  <properties>
    <property name="gopherProxySet" value="false"/>
    <property name="awt.toolkit" value="sun.lwawt.macosx.LWCToolkit"/>
    <property name="file.encoding.pkg" value="sun.io"/>
    <property name="java.specification.version" value="1.8"/>
    <property name="webdriver.chrome.driver" value="src/test/resources/webdriver/mac/chromedriver"/>
    <property name="sun.cpu.isalist" value=""/>
    <property name="sun.jnu.encoding" value="UTF-8"/>
    <property name="java.class.path" value="/Users/nalindwivedi/cucumberWithAllure-master/target/test-classes:/Users/nalindwivedi/cucumberWithAllure-master/target/classes:/Users/nalindwivedi/.m2/repository/io/qameta/allure/allure-cucumber4-jvm/2.13.3/allure-cucumber4-jvm-2.13.3.jar:/Users/nalindwivedi/.m2/repository/io/qameta/allure/allure-java-commons/2.13.3/allure-java-commons-2.13.3.jar:/Users/nalindwivedi/.m2/repository/io/qameta/allure/allure-model/2.13.3/allure-model-2.13.3.jar:/Users/nalindwivedi/.m2/repository/org/slf4j/slf4j-api/1.7.30/slf4j-api-1.7.30.jar:/Users/nalindwivedi/.m2/repository/com/fasterxml/jackson/core/jackson-databind/2.9.8/jackson-databind-2.9.8.jar:/Users/nalindwivedi/.m2/repository/com/fasterxml/jackson/core/jackson-annotations/2.9.0/jackson-annotations-2.9.0.jar:/Users/nalindwivedi/.m2/repository/com/fasterxml/jackson/core/jackson-core/2.9.8/jackson-core-2.9.8.jar:/Users/nalindwivedi/.m2/repository/org/apache/tika/tika-core/1.20/tika-core-1.20.jar:/Users/nalindwivedi/.m2/repository/org/jooq/joor-java-8/0.9.10/joor-java-8-0.9.10.jar:/Users/nalindwivedi/.m2/repository/io/cucumber/cucumber-core/4.7.2/cucumber-core-4.7.2.jar:/Users/nalindwivedi/.m2/repository/io/cucumber/gherkin/5.1.0/gherkin-5.1.0.jar:/Users/nalindwivedi/.m2/repository/io/cucumber/tag-expressions/1.1.1/tag-expressions-1.1.1.jar:/Users/nalindwivedi/.m2/repository/io/cucumber/cucumber-expressions/7.0.2/cucumber-expressions-7.0.2.jar:/Users/nalindwivedi/.m2/repository/io/cucumber/datatable/1.1.14/datatable-1.1.14.jar:/Users/nalindwivedi/.m2/repository/io/cucumber/datatable-dependencies/1.1.14/datatable-dependencies-1.1.14.jar:/Users/nalindwivedi/.m2/repository/io/cucumber/cucumber-java/4.8.1/cucumber-java-4.8.1.jar:/Users/nalindwivedi/.m2/repository/org/apiguardian/apiguardian-api/1.1.0/apiguardian-api-1.1.0.jar:/Users/nalindwivedi/.m2/repository/io/cucumber/cucumber-testng/4.8.1/cucumber-testng-4.8.1.jar:/Users/nalindwivedi/.m2/repository/org/testng/testng/6.14.3/testng-6.14.3.jar:/Users/nalindwivedi/.m2/repository/com/beust/jcommander/1.72/jcommander-1.72.jar:/Users/nalindwivedi/.m2/repository/org/apache-extras/beanshell/bsh/2.0b6/bsh-2.0b6.jar:/Users/nalindwivedi/.m2/repository/org/seleniumhq/selenium/selenium-support/3.141.59/selenium-support-3.141.59.jar:/Users/nalindwivedi/.m2/repository/org/seleniumhq/selenium/selenium-api/3.141.59/selenium-api-3.141.59.jar:/Users/nalindwivedi/.m2/repository/org/seleniumhq/selenium/selenium-remote-driver/3.141.59/selenium-remote-driver-3.141.59.jar:/Users/nalindwivedi/.m2/repository/net/bytebuddy/byte-buddy/1.8.15/byte-buddy-1.8.15.jar:/Users/nalindwivedi/.m2/repository/org/apache/commons/commons-exec/1.3/commons-exec-1.3.jar:/Users/nalindwivedi/.m2/repository/com/google/guava/guava/25.0-jre/guava-25.0-jre.jar:/Users/nalindwivedi/.m2/repository/com/google/code/findbugs/jsr305/1.3.9/jsr305-1.3.9.jar:/Users/nalindwivedi/.m2/repository/org/checkerframework/checker-compat-qual/2.0.0/checker-compat-qual-2.0.0.jar:/Users/nalindwivedi/.m2/repository/com/google/errorprone/error_prone_annotations/2.1.3/error_prone_annotations-2.1.3.jar:/Users/nalindwivedi/.m2/repository/com/google/j2objc/j2objc-annotations/1.1/j2objc-annotations-1.1.jar:/Users/nalindwivedi/.m2/repository/org/codehaus/mojo/animal-sniffer-annotations/1.14/animal-sniffer-annotations-1.14.jar:/Users/nalindwivedi/.m2/repository/com/squareup/okhttp3/okhttp/3.11.0/okhttp-3.11.0.jar:/Users/nalindwivedi/.m2/repository/com/squareup/okio/okio/1.14.0/okio-1.14.0.jar:/Users/nalindwivedi/.m2/repository/org/seleniumhq/selenium/selenium-chrome-driver/3.141.59/selenium-chrome-driver-3.141.59.jar:/Users/nalindwivedi/.m2/repository/org/assertj/assertj-core/3.16.1/assertj-core-3.16.1.jar:"/>
    <property name="java.vm.vendor" value="Oracle Corporation"/>
    <property name="sun.arch.data.model" value="64"/>
    <property name="java.vendor.url" value="http://java.oracle.com/"/>
    <property name="user.timezone" value="Asia/Kolkata"/>
    <property name="user.country.format" value="IN"/>
    <property name="java.vm.specification.version" value="1.8"/>
    <property name="os.name" value="Mac OS X"/>
    <property name="user.country" value="GB"/>
    <property name="sun.java.launcher" value="SUN_STANDARD"/>
    <property name="sun.boot.library.path" value="/Library/Java/JavaVirtualMachines/jdk1.8.0_251.jdk/Contents/Home/jre/lib"/>
    <property name="sun.java.command" value="/Users/nalindwivedi/cucumberWithAllure-master/target/surefire/surefirebooter5574094309360287650.jar /Users/nalindwivedi/cucumberWithAllure-master/target/surefire 2020-11-27T14-11-33_238-jvmRun1 surefire5008543284557702000tmp surefire_07371008793769033914tmp"/>
    <property name="http.nonProxyHosts" value="local|*.local|169.254/16|*.169.254/16"/>
    <property name="surefire.test.class.path" value="/Users/nalindwivedi/cucumberWithAllure-master/target/test-classes:/Users/nalindwivedi/cucumberWithAllure-master/target/classes:/Users/nalindwivedi/.m2/repository/io/qameta/allure/allure-cucumber4-jvm/2.13.3/allure-cucumber4-jvm-2.13.3.jar:/Users/nalindwivedi/.m2/repository/io/qameta/allure/allure-java-commons/2.13.3/allure-java-commons-2.13.3.jar:/Users/nalindwivedi/.m2/repository/io/qameta/allure/allure-model/2.13.3/allure-model-2.13.3.jar:/Users/nalindwivedi/.m2/repository/org/slf4j/slf4j-api/1.7.30/slf4j-api-1.7.30.jar:/Users/nalindwivedi/.m2/repository/com/fasterxml/jackson/core/jackson-databind/2.9.8/jackson-databind-2.9.8.jar:/Users/nalindwivedi/.m2/repository/com/fasterxml/jackson/core/jackson-annotations/2.9.0/jackson-annotations-2.9.0.jar:/Users/nalindwivedi/.m2/repository/com/fasterxml/jackson/core/jackson-core/2.9.8/jackson-core-2.9.8.jar:/Users/nalindwivedi/.m2/repository/org/apache/tika/tika-core/1.20/tika-core-1.20.jar:/Users/nalindwivedi/.m2/repository/org/jooq/joor-java-8/0.9.10/joor-java-8-0.9.10.jar:/Users/nalindwivedi/.m2/repository/io/cucumber/cucumber-core/4.7.2/cucumber-core-4.7.2.jar:/Users/nalindwivedi/.m2/repository/io/cucumber/gherkin/5.1.0/gherkin-5.1.0.jar:/Users/nalindwivedi/.m2/repository/io/cucumber/tag-expressions/1.1.1/tag-expressions-1.1.1.jar:/Users/nalindwivedi/.m2/repository/io/cucumber/cucumber-expressions/7.0.2/cucumber-expressions-7.0.2.jar:/Users/nalindwivedi/.m2/repository/io/cucumber/datatable/1.1.14/datatable-1.1.14.jar:/Users/nalindwivedi/.m2/repository/io/cucumber/datatable-dependencies/1.1.14/datatable-dependencies-1.1.14.jar:/Users/nalindwivedi/.m2/repository/io/cucumber/cucumber-java/4.8.1/cucumber-java-4.8.1.jar:/Users/nalindwivedi/.m2/repository/org/apiguardian/apiguardian-api/1.1.0/apiguardian-api-1.1.0.jar:/Users/nalindwivedi/.m2/repository/io/cucumber/cucumber-testng/4.8.1/cucumber-testng-4.8.1.jar:/Users/nalindwivedi/.m2/repository/org/testng/testng/6.14.3/testng-6.14.3.jar:/Users/nalindwivedi/.m2/repository/com/beust/jcommander/1.72/jcommander-1.72.jar:/Users/nalindwivedi/.m2/repository/org/apache-extras/beanshell/bsh/2.0b6/bsh-2.0b6.jar:/Users/nalindwivedi/.m2/repository/org/seleniumhq/selenium/selenium-support/3.141.59/selenium-support-3.141.59.jar:/Users/nalindwivedi/.m2/repository/org/seleniumhq/selenium/selenium-api/3.141.59/selenium-api-3.141.59.jar:/Users/nalindwivedi/.m2/repository/org/seleniumhq/selenium/selenium-remote-driver/3.141.59/selenium-remote-driver-3.141.59.jar:/Users/nalindwivedi/.m2/repository/net/bytebuddy/byte-buddy/1.8.15/byte-buddy-1.8.15.jar:/Users/nalindwivedi/.m2/repository/org/apache/commons/commons-exec/1.3/commons-exec-1.3.jar:/Users/nalindwivedi/.m2/repository/com/google/guava/guava/25.0-jre/guava-25.0-jre.jar:/Users/nalindwivedi/.m2/repository/com/google/code/findbugs/jsr305/1.3.9/jsr305-1.3.9.jar:/Users/nalindwivedi/.m2/repository/org/checkerframework/checker-compat-qual/2.0.0/checker-compat-qual-2.0.0.jar:/Users/nalindwivedi/.m2/repository/com/google/errorprone/error_prone_annotations/2.1.3/error_prone_annotations-2.1.3.jar:/Users/nalindwivedi/.m2/repository/com/google/j2objc/j2objc-annotations/1.1/j2objc-annotations-1.1.jar:/Users/nalindwivedi/.m2/repository/org/codehaus/mojo/animal-sniffer-annotations/1.14/animal-sniffer-annotations-1.14.jar:/Users/nalindwivedi/.m2/repository/com/squareup/okhttp3/okhttp/3.11.0/okhttp-3.11.0.jar:/Users/nalindwivedi/.m2/repository/com/squareup/okio/okio/1.14.0/okio-1.14.0.jar:/Users/nalindwivedi/.m2/repository/org/seleniumhq/selenium/selenium-chrome-driver/3.141.59/selenium-chrome-driver-3.141.59.jar:/Users/nalindwivedi/.m2/repository/org/assertj/assertj-core/3.16.1/assertj-core-3.16.1.jar:"/>
    <property name="sun.cpu.endian" value="little"/>
    <property name="user.home" value="/Users/nalindwivedi"/>
    <property name="user.language" value="en"/>
    <property name="java.specification.vendor" value="Oracle Corporation"/>
    <property name="java.home" value="/Library/Java/JavaVirtualMachines/jdk1.8.0_251.jdk/Contents/Home/jre"/>
    <property name="basedir" value="/Users/nalindwivedi/cucumberWithAllure-master"/>
    <property name="file.separator" value="/"/>
    <property name="line.separator" value="&#10;"/>
    <property name="java.vm.specification.vendor" value="Oracle Corporation"/>
    <property name="java.specification.name" value="Java Platform API Specification"/>
    <property name="java.awt.graphicsenv" value="sun.awt.CGraphicsEnvironment"/>
    <property name="surefire.real.class.path" value="/Users/nalindwivedi/cucumberWithAllure-master/target/surefire/surefirebooter5574094309360287650.jar:/Users/nalindwivedi/.m2/repository/org/aspectj/aspectjweaver/1.9.5/aspectjweaver-1.9.5.jar"/>
    <property name="sun.boot.class.path" value="/Library/Java/JavaVirtualMachines/jdk1.8.0_251.jdk/Contents/Home/jre/lib/resources.jar:/Library/Java/JavaVirtualMachines/jdk1.8.0_251.jdk/Contents/Home/jre/lib/rt.jar:/Library/Java/JavaVirtualMachines/jdk1.8.0_251.jdk/Contents/Home/jre/lib/sunrsasign.jar:/Library/Java/JavaVirtualMachines/jdk1.8.0_251.jdk/Contents/Home/jre/lib/jsse.jar:/Library/Java/JavaVirtualMachines/jdk1.8.0_251.jdk/Contents/Home/jre/lib/jce.jar:/Library/Java/JavaVirtualMachines/jdk1.8.0_251.jdk/Contents/Home/jre/lib/charsets.jar:/Library/Java/JavaVirtualMachines/jdk1.8.0_251.jdk/Contents/Home/jre/lib/jfr.jar:/Library/Java/JavaVirtualMachines/jdk1.8.0_251.jdk/Contents/Home/jre/classes"/>
    <property name="sun.management.compiler" value="HotSpot 64-Bit Tiered Compilers"/>
    <property name="ftp.nonProxyHosts" value="local|*.local|169.254/16|*.169.254/16"/>
    <property name="java.runtime.version" value="1.8.0_251-b08"/>
    <property name="user.name" value="nalindwivedi"/>
    <property name="path.separator" value=":"/>
    <property name="os.version" value="10.15.7"/>
    <property name="java.endorsed.dirs" value="/Library/Java/JavaVirtualMachines/jdk1.8.0_251.jdk/Contents/Home/jre/lib/endorsed"/>
    <property name="java.runtime.name" value="Java(TM) SE Runtime Environment"/>
    <property name="file.encoding" value="UTF-8"/>
    <property name="java.vm.name" value="Java HotSpot(TM) 64-Bit Server VM"/>
    <property name="localRepository" value="/Users/nalindwivedi/.m2/repository"/>
    <property name="cucumber.options" value="--plugin io.qameta.allure.cucumber4jvm.AllureCucumber4Jvm"/>
    <property name="java.vendor.url.bug" value="http://bugreport.sun.com/bugreport/"/>
    <property name="java.io.tmpdir" value="/var/folders/z7/8smgfyd52ns6023gqm33pgr40000gn/T/"/>
    <property name="java.version" value="1.8.0_251"/>
    <property name="user.dir" value="/Users/nalindwivedi/cucumberWithAllure-master"/>
    <property name="os.arch" value="x86_64"/>
    <property name="java.vm.specification.name" value="Java Virtual Machine Specification"/>
    <property name="java.awt.printerjob" value="sun.lwawt.macosx.CPrinterJob"/>
    <property name="sun.os.patch.level" value="unknown"/>
    <property name="java.library.path" value="/Users/nalindwivedi/Library/Java/Extensions:/Library/Java/Extensions:/Network/Library/Java/Extensions:/System/Library/Java/Extensions:/usr/lib/java:."/>
    <property name="java.vm.info" value="mixed mode"/>
    <property name="java.vendor" value="Oracle Corporation"/>
    <property name="java.vm.version" value="25.251-b08"/>
    <property name="java.ext.dirs" value="/Users/nalindwivedi/Library/Java/Extensions:/Library/Java/JavaVirtualMachines/jdk1.8.0_251.jdk/Contents/Home/jre/lib/ext:/Library/Java/Extensions:/Network/Library/Java/Extensions:/System/Library/Java/Extensions:/usr/lib/java"/>
    <property name="sun.io.unicode.encoding" value="UnicodeBig"/>
    <property name="java.class.version" value="52.0"/>
    <property name="socksNonProxyHosts" value="local|*.local|169.254/16|*.169.254/16"/>
  </properties>
  <testcase name="runScenario" classname="org.dep.example.TestRunner" time="21.894"/>
  <testcase name="runScenario" classname="org.dep.example.TestRunner" time="10.745"/>
</testsuite>