<?xml version="1.0" encoding="UTF-8"?>
<!-- Generated by org.testng.reporters.JUnitReportReporter -->
<testsuite skipped="0" hostname="Nalins-MacBook-Pro.local" name="org.dep.example.TestRunner" tests="2" failures="0" timestamp="27 Nov 2020 08:42:16 GMT" time="32.639" errors="0">
  <testcase name="runScenario" time="10.745" classname="org.dep.example.TestRunner"/>
  <testcase name="runScenario" time="21.894" classname="org.dep.example.TestRunner"/>
</testsuite> <!-- org.dep.example.TestRunner -->
